(node:21188) Warning: SECURITY WARNING: The SSL modes 'prefer', 'require', and 'verify-ca' are treated as aliases for 'verify-full'.
In the next major version (pg-connection-string v3.0.0 and pg v9.0.0), these modes will adopt standard libpq semantics, which have weaker security guarantees.

To prepare for this change:
- If you want the current behavior, explicitly use 'sslmode=verify-full'
- If you want libpq compatibility now, use 'uselibpqcompat=true&sslmode=require'

See https://www.postgresql.org/docs/current/libpq-ssl.html for libpq SSL mode definitions.
(Use `node --trace-warnings ...` to show where the warning was created)
SyntaxError: Expected property name or '}' in JSON at position 1 (line 1 column 2)
    at JSON.parse (<anonymous>)
    at parse (C:\XammpVaja\htdocs\GitHub\QuizApp\node_modules\body-parser\lib\types\json.js:72:19)
    at C:\XammpVaja\htdocs\GitHub\QuizApp\node_modules\body-parser\lib\read.js:162:18
    at AsyncResource.runInAsyncScope (node:async_hooks:214:14)
    at invokeCallback (C:\XammpVaja\htdocs\GitHub\QuizApp\node_modules\raw-body\index.js:238:16)
    at done (C:\XammpVaja\htdocs\GitHub\QuizApp\node_modules\raw-body\index.js:227:7)
    at IncomingMessage.onEnd (C:\XammpVaja\htdocs\GitHub\QuizApp\node_modules\raw-body\index.js:287:7)
    at IncomingMessage.emit (node:events:508:28)
    at endReadableNT (node:internal/streams/readable:1701:12)
    at process.processTicksAndRejections (node:internal/process/task_queues:90:21) {
  expose: true,
  statusCode: 400,
  status: 400,
  body: '{\\',
  type: 'entity.parse.failed'
}
SyntaxError: Expected property name or '}' in JSON at position 1 (line 1 column 2)
    at JSON.parse (<anonymous>)
    at parse (C:\XammpVaja\htdocs\GitHub\QuizApp\node_modules\body-parser\lib\types\json.js:72:19)
    at C:\XammpVaja\htdocs\GitHub\QuizApp\node_modules\body-parser\lib\read.js:162:18
    at AsyncResource.runInAsyncScope (node:async_hooks:214:14)
    at invokeCallback (C:\XammpVaja\htdocs\GitHub\QuizApp\node_modules\raw-body\index.js:238:16)
    at done (C:\XammpVaja\htdocs\GitHub\QuizApp\node_modules\raw-body\index.js:227:7)
    at IncomingMessage.onEnd (C:\XammpVaja\htdocs\GitHub\QuizApp\node_modules\raw-body\index.js:287:7)
    at IncomingMessage.emit (node:events:508:28)
    at endReadableNT (node:internal/streams/readable:1701:12)
    at process.processTicksAndRejections (node:internal/process/task_queues:90:21) {
  expose: true,
  statusCode: 400,
  status: 400,
  body: '{\\',
  type: 'entity.parse.failed'
}
SyntaxError: Expected property name or '}' in JSON at position 1 (line 1 column 2)
    at JSON.parse (<anonymous>)
    at parse (C:\XammpVaja\htdocs\GitHub\QuizApp\node_modules\body-parser\lib\types\json.js:72:19)
    at C:\XammpVaja\htdocs\GitHub\QuizApp\node_modules\body-parser\lib\read.js:162:18
    at AsyncResource.runInAsyncScope (node:async_hooks:214:14)
    at invokeCallback (C:\XammpVaja\htdocs\GitHub\QuizApp\node_modules\raw-body\index.js:238:16)
    at done (C:\XammpVaja\htdocs\GitHub\QuizApp\node_modules\raw-body\index.js:227:7)
    at IncomingMessage.onEnd (C:\XammpVaja\htdocs\GitHub\QuizApp\node_modules\raw-body\index.js:287:7)
    at IncomingMessage.emit (node:events:508:28)
    at endReadableNT (node:internal/streams/readable:1701:12)
    at process.processTicksAndRejections (node:internal/process/task_queues:90:21) {
  expose: true,
  statusCode: 400,
  status: 400,
  body: '{\\',
  type: 'entity.parse.failed'
}
